f:\learning\c++\语法学习\source\01.语法\10.类和对象\debug\vc143.pdb
f:\learning\c++\语法学习\source\01.语法\10.类和对象\debug\vc143.idb
f:\learning\c++\语法学习\source\01.语法\10.类和对象\debug\09.深浅拷贝.obj
f:\learning\c++\语法学习\source\01.语法\10.类和对象\debug\08.构造函数的调用原则.obj
f:\learning\c++\语法学习\source\01.语法\10.类和对象\debug\07.拷贝构造函数.obj
f:\learning\c++\语法学习\source\01.语法\10.类和对象\debug\06.构造函数的种类.obj
f:\learning\c++\语法学习\source\01.语法\10.类和对象\debug\05.构造函数与析构函数.obj
f:\learning\c++\语法学习\source\01.语法\10.类和对象\debug\04.成员属性设置为私有.obj
f:\learning\c++\语法学习\source\01.语法\10.类和对象\debug\03.访问权限案例.obj
f:\learning\c++\语法学习\source\01.语法\10.类和对象\debug\02.封装学生类.obj
f:\learning\c++\语法学习\source\01.语法\10.类和对象\debug\01.封装圆类.obj
f:\learning\c++\语法学习\source\01.语法\10.类和对象\debug\11类对象作为类成员.obj
f:\learning\c++\语法学习\source\01.语法\10.类和对象\debug\10.构造函数初始化列表.obj
f:\learning\c++\语法学习\source\01.语法\10.类和对象\debug\12.静态成员变量.obj
f:\learning\c++\语法学习\source\01.语法\10.类和对象\debug\11.类对象作为类成员.obj
f:\learning\c++\语法学习\source\01.语法\debug\10.类和对象.exe
f:\learning\c++\语法学习\source\01.语法\10.类和对象\debug\10.类和对象.ilk
f:\learning\c++\语法学习\source\01.语法\debug\10.类和对象.pdb
f:\learning\c++\语法学习\source\01.语法\10.类和对象\debug\10.类和对象.tlog\cl.command.1.tlog
f:\learning\c++\语法学习\source\01.语法\10.类和对象\debug\10.类和对象.tlog\cl.read.1.tlog
f:\learning\c++\语法学习\source\01.语法\10.类和对象\debug\10.类和对象.tlog\cl.write.1.tlog
f:\learning\c++\语法学习\source\01.语法\10.类和对象\debug\10.类和对象.tlog\link.command.1.tlog
f:\learning\c++\语法学习\source\01.语法\10.类和对象\debug\10.类和对象.tlog\link.read.1.tlog
f:\learning\c++\语法学习\source\01.语法\10.类和对象\debug\10.类和对象.tlog\link.write.1.tlog
