f:\learning\c++\语法学习\source\02.提高\02 类模板语法\01 类模板语法\debug\vc143.pdb
f:\learning\c++\语法学习\source\02.提高\02 类模板语法\01 类模板语法\debug\vc143.idb
f:\learning\c++\语法学习\source\02.提高\02 类模板语法\01 类模板语法\debug\person.obj
f:\learning\c++\语法学习\source\02.提高\02 类模板语法\01 类模板语法\debug\09 类模板案例-数组类封装.obj
f:\learning\c++\语法学习\source\02.提高\02 类模板语法\01 类模板语法\debug\08 类模板与友元.obj
f:\learning\c++\语法学习\source\02.提高\02 类模板语法\01 类模板语法\debug\07 类模板分文件编写.obj
f:\learning\c++\语法学习\source\02.提高\02 类模板语法\01 类模板语法\debug\06 类模板成员函数类外实现.obj
f:\learning\c++\语法学习\source\02.提高\02 类模板语法\01 类模板语法\debug\05 类模板与继承.obj
f:\learning\c++\语法学习\source\02.提高\02 类模板语法\01 类模板语法\debug\04 类模板对象做函数参数.obj
f:\learning\c++\语法学习\source\02.提高\02 类模板语法\01 类模板语法\debug\03 类模板中成员函数创建时机.obj
f:\learning\c++\语法学习\source\02.提高\02 类模板语法\01 类模板语法\debug\02 类模板与函数模板区别.obj
f:\learning\c++\语法学习\source\02.提高\02 类模板语法\01 类模板语法\debug\01 类模板语法.obj
f:\learning\c++\语法学习\source\02.提高\01 函数模板语法\debug\01 类模板语法.exe
f:\learning\c++\语法学习\source\02.提高\02 类模板语法\01 类模板语法\debug\01 类模板语法.ilk
f:\learning\c++\语法学习\source\02.提高\01 函数模板语法\debug\01 类模板语法.pdb
f:\learning\c++\语法学习\source\02.提高\02 类模板语法\01 类模板语法\debug\vc141.idb
f:\learning\c++\语法学习\source\02.提高\02 类模板语法\01 类模板语法\debug\vc141.pdb
f:\learning\c++\语法学习\source\02.提高\02 类模板语法\01 类模板语法\debug\01 类模板语法.tlog\cl.command.1.tlog
f:\learning\c++\语法学习\source\02.提高\02 类模板语法\01 类模板语法\debug\01 类模板语法.tlog\cl.read.1.tlog
f:\learning\c++\语法学习\source\02.提高\02 类模板语法\01 类模板语法\debug\01 类模板语法.tlog\cl.write.1.tlog
f:\learning\c++\语法学习\source\02.提高\02 类模板语法\01 类模板语法\debug\01 类模板语法.tlog\link.command.1.tlog
f:\learning\c++\语法学习\source\02.提高\02 类模板语法\01 类模板语法\debug\01 类模板语法.tlog\link.read.1.tlog
f:\learning\c++\语法学习\source\02.提高\02 类模板语法\01 类模板语法\debug\01 类模板语法.tlog\link.write.1.tlog
