f:\learning\c++\语法学习\第5阶段实战-提高编程\提高编程能力资料\代码\第三阶段-录制代码\01 函数模板语法\01 函数模板语法\debug\vc143.pdb
f:\learning\c++\语法学习\第5阶段实战-提高编程\提高编程能力资料\代码\第三阶段-录制代码\01 函数模板语法\01 函数模板语法\debug\vc143.idb
f:\learning\c++\语法学习\第5阶段实战-提高编程\提高编程能力资料\代码\第三阶段-录制代码\01 函数模板语法\01 函数模板语法\debug\06 模板的局限性.obj
f:\learning\c++\语法学习\第5阶段实战-提高编程\提高编程能力资料\代码\第三阶段-录制代码\01 函数模板语法\01 函数模板语法\debug\05 普通函数与函数模板调用规则.obj
f:\learning\c++\语法学习\第5阶段实战-提高编程\提高编程能力资料\代码\第三阶段-录制代码\01 函数模板语法\01 函数模板语法\debug\04 普通函数与函数模板区别.obj
f:\learning\c++\语法学习\第5阶段实战-提高编程\提高编程能力资料\代码\第三阶段-录制代码\01 函数模板语法\01 函数模板语法\debug\03 函数模板案例-数组排序.obj
f:\learning\c++\语法学习\第5阶段实战-提高编程\提高编程能力资料\代码\第三阶段-录制代码\01 函数模板语法\01 函数模板语法\debug\02 函数模板注意事项.obj
f:\learning\c++\语法学习\第5阶段实战-提高编程\提高编程能力资料\代码\第三阶段-录制代码\01 函数模板语法\01 函数模板语法\debug\01 函数模板语法.obj
f:\learning\c++\语法学习\source\02.提高\01 函数模板语法\01 函数模板语法\debug\vc143.pdb
f:\learning\c++\语法学习\source\02.提高\01 函数模板语法\01 函数模板语法\debug\vc143.idb
f:\learning\c++\语法学习\source\02.提高\01 函数模板语法\01 函数模板语法\debug\06 模板的局限性.obj
f:\learning\c++\语法学习\source\02.提高\01 函数模板语法\01 函数模板语法\debug\04 普通函数与函数模板区别.obj
f:\learning\c++\语法学习\source\02.提高\01 函数模板语法\01 函数模板语法\debug\03 函数模板案例-数组排序.obj
f:\learning\c++\语法学习\source\02.提高\01 函数模板语法\01 函数模板语法\debug\02 函数模板注意事项.obj
f:\learning\c++\语法学习\source\02.提高\01 函数模板语法\01 函数模板语法\debug\01 函数模板语法.obj
f:\learning\c++\语法学习\source\02.提高\01 函数模板语法\01 函数模板语法\debug\05 普通函数与函数模板调用规则.obj
f:\learning\c++\语法学习\第5阶段实战-提高编程\提高编程能力资料\代码\第三阶段-录制代码\01 函数模板语法\debug\01 函数模板语法.exe
f:\learning\c++\语法学习\第5阶段实战-提高编程\提高编程能力资料\代码\第三阶段-录制代码\01 函数模板语法\01 函数模板语法\debug\01 函数模板语法.ilk
f:\learning\c++\语法学习\第5阶段实战-提高编程\提高编程能力资料\代码\第三阶段-录制代码\01 函数模板语法\debug\01 函数模板语法.pdb
f:\learning\c++\语法学习\source\02.提高\01 函数模板语法\debug\01 函数模板语法.exe
f:\learning\c++\语法学习\source\02.提高\01 函数模板语法\01 函数模板语法\debug\01 函数模板语法.ilk
f:\learning\c++\语法学习\source\02.提高\01 函数模板语法\debug\01 函数模板语法.pdb
f:\learning\c++\语法学习\source\02.提高\01 函数模板语法\01 函数模板语法\debug\01 函数模板语法.tlog\cl.command.1.tlog
f:\learning\c++\语法学习\source\02.提高\01 函数模板语法\01 函数模板语法\debug\01 函数模板语法.tlog\cl.read.1.tlog
f:\learning\c++\语法学习\source\02.提高\01 函数模板语法\01 函数模板语法\debug\01 函数模板语法.tlog\cl.write.1.tlog
f:\learning\c++\语法学习\source\02.提高\01 函数模板语法\01 函数模板语法\debug\01 函数模板语法.tlog\link.command.1.tlog
f:\learning\c++\语法学习\source\02.提高\01 函数模板语法\01 函数模板语法\debug\01 函数模板语法.tlog\link.read.1.tlog
f:\learning\c++\语法学习\source\02.提高\01 函数模板语法\01 函数模板语法\debug\01 函数模板语法.tlog\link.write.1.tlog
