f:\learning\c++\菜鸟教程\day_01\语法\01.基础语法\x64\debug\vc143.pdb
f:\learning\c++\菜鸟教程\day_01\语法\01.基础语法\x64\debug\vc143.idb
f:\learning\c++\菜鸟教程\day_01\语法\01.基础语法\x64\debug\16.水仙花数.obj
f:\learning\c++\菜鸟教程\day_01\语法\01.基础语法\x64\debug\15.三目运算符.obj
f:\learning\c++\菜鸟教程\day_01\语法\01.基础语法\x64\debug\14.if.obj
f:\learning\c++\菜鸟教程\day_01\语法\01.基础语法\x64\debug\13.逻辑运算符.obj
f:\learning\c++\菜鸟教程\day_01\语法\01.基础语法\x64\debug\12.赋值运算.obj
f:\learning\c++\菜鸟教程\day_01\语法\01.基础语法\x64\debug\11.递增.obj
f:\learning\c++\菜鸟教程\day_01\语法\01.基础语法\x64\debug\10.取模运算符.obj
f:\learning\c++\菜鸟教程\day_01\语法\01.基础语法\x64\debug\09.加减乘除运算符.obj
f:\learning\c++\菜鸟教程\day_01\语法\01.基础语法\x64\debug\08.数据输入.obj
f:\learning\c++\菜鸟教程\day_01\语法\01.基础语法\x64\debug\07.布尔类型.obj
f:\learning\c++\菜鸟教程\day_01\语法\01.基础语法\x64\debug\06.实型.obj
f:\learning\c++\菜鸟教程\day_01\语法\01.基础语法\x64\debug\05.sizeof.obj
f:\learning\c++\菜鸟教程\day_01\语法\01.基础语法\x64\debug\04.常量.obj
f:\learning\c++\菜鸟教程\day_01\语法\01.基础语法\x64\debug\03.字符串.obj
f:\learning\c++\菜鸟教程\day_01\语法\01.基础语法\x64\debug\02.datatype.obj
f:\learning\c++\菜鸟教程\day_01\语法\01.基础语法\x64\debug\01.模板.obj
f:\learning\c++\菜鸟教程\day_01\语法\01.基础语法\x64\debug\00.test.obj
f:\learning\c++\菜鸟教程\day_01\语法\01.基础语法\x64\debug\17.continue.obj
f:\learning\c++\菜鸟教程\day_01\语法\01.基础语法\x64\debug\18.goto.obj
f:\learning\c++\菜鸟教程\day_01\语法\01.基础语法\x64\debug\20.一维数组名的用途.obj
f:\learning\c++\菜鸟教程\day_01\语法\01.基础语法\x64\debug\19.数组.obj
f:\learning\c++\菜鸟教程\day_01\语法\01.基础语法\x64\debug\21.冒泡排序.obj
f:\learning\c++\菜鸟教程\day_01\语法\01.基础语法\x64\debug\22.二维数组.obj
f:\learning\c++\菜鸟教程\day_01\语法\01.基础语法\x64\debug\23.二维数组数组名.obj
f:\learning\c++\菜鸟教程\day_01\语法\01.基础语法\x64\debug\24.三位学生的总成绩.obj
f:\learning\c++\菜鸟教程\day_01\helloword\x64\debug\01.基础语法.exe
f:\learning\c++\菜鸟教程\day_01\语法\01.基础语法\x64\debug\01.基础语法.ilk
f:\learning\c++\菜鸟教程\day_01\helloword\x64\debug\01.基础语法.pdb
f:\learning\c++\语法学习\source\01.语法\01.基础语法\x64\debug\00.test.obj
f:\learning\c++\语法学习\source\01.语法\01.基础语法\x64\debug\01.模板.obj
f:\learning\c++\语法学习\source\01.语法\01.基础语法\x64\debug\02.datatype.obj
f:\learning\c++\语法学习\source\01.语法\01.基础语法\x64\debug\03.字符串.obj
f:\learning\c++\语法学习\source\01.语法\01.基础语法\x64\debug\04.常量.obj
f:\learning\c++\语法学习\source\01.语法\01.基础语法\x64\debug\05.sizeof.obj
f:\learning\c++\语法学习\source\01.语法\01.基础语法\x64\debug\06.实型.obj
f:\learning\c++\语法学习\source\01.语法\01.基础语法\x64\debug\07.布尔类型.obj
f:\learning\c++\语法学习\source\01.语法\01.基础语法\x64\debug\08.数据输入.obj
f:\learning\c++\语法学习\source\01.语法\01.基础语法\x64\debug\09.加减乘除运算符.obj
f:\learning\c++\语法学习\source\01.语法\01.基础语法\x64\debug\10.取模运算符.obj
f:\learning\c++\语法学习\source\01.语法\01.基础语法\x64\debug\11.递增.obj
f:\learning\c++\语法学习\source\01.语法\01.基础语法\x64\debug\12.赋值运算.obj
f:\learning\c++\语法学习\source\01.语法\01.基础语法\x64\debug\13.逻辑运算符.obj
f:\learning\c++\语法学习\source\01.语法\01.基础语法\x64\debug\14.if.obj
f:\learning\c++\语法学习\source\01.语法\01.基础语法\x64\debug\15.三目运算符.obj
f:\learning\c++\语法学习\source\01.语法\01.基础语法\x64\debug\16.水仙花数.obj
f:\learning\c++\语法学习\source\01.语法\01.基础语法\x64\debug\17.continue.obj
f:\learning\c++\语法学习\source\01.语法\01.基础语法\x64\debug\18.goto.obj
f:\learning\c++\语法学习\source\01.语法\01.基础语法\x64\debug\19.数组.obj
f:\learning\c++\语法学习\source\01.语法\01.基础语法\x64\debug\20.一维数组名的用途.obj
f:\learning\c++\语法学习\source\01.语法\01.基础语法\x64\debug\21.冒泡排序.obj
f:\learning\c++\语法学习\source\01.语法\01.基础语法\x64\debug\22.二维数组.obj
f:\learning\c++\语法学习\source\01.语法\01.基础语法\x64\debug\23.二维数组数组名.obj
f:\learning\c++\语法学习\source\01.语法\01.基础语法\x64\debug\24.三位学生的总成绩.obj
f:\learning\c++\语法学习\source\01.语法\01.基础语法\x64\debug\01.基础语法.ilk
f:\learning\c++\语法学习\source\01.语法\01.基础语法\x64\debug\vc143.idb
f:\learning\c++\语法学习\source\01.语法\01.基础语法\x64\debug\vc143.pdb
f:\learning\c++\语法学习\source\01.语法\01.基础语法\x64\debug\01.基础语法.tlog\cl.command.1.tlog
f:\learning\c++\语法学习\source\01.语法\01.基础语法\x64\debug\01.基础语法.tlog\cl.read.1.tlog
f:\learning\c++\语法学习\source\01.语法\01.基础语法\x64\debug\01.基础语法.tlog\cl.write.1.tlog
f:\learning\c++\语法学习\source\01.语法\01.基础语法\x64\debug\01.基础语法.tlog\link.command.1.tlog
f:\learning\c++\语法学习\source\01.语法\01.基础语法\x64\debug\01.基础语法.tlog\link.read.1.tlog
f:\learning\c++\语法学习\source\01.语法\01.基础语法\x64\debug\01.基础语法.tlog\link.write.1.tlog
